2025-07-30 22:27:55,835 - server - INFO - 服务器启动
2025-07-30 22:27:58,591 - server - INFO - 用户 user_2h8phbkdw 已连接
2025-07-30 22:28:09,425 - server - INFO - 用户 user_2h8phbkdw 断开连接
2025-07-30 22:29:08,505 - server - INFO - 用户 user_oocanz3lb 已连接
2025-07-30 22:29:10,580 - server - INFO - 用户 user_oocanz3lb 断开连接
2025-07-30 22:29:10,590 - server - INFO - 用户 user_38h9pe3ch 已连接
2025-07-30 22:29:11,349 - server - INFO - 用户 user_38h9pe3ch 断开连接
2025-07-30 22:29:11,359 - server - INFO - 用户 user_nt8gpyv3s 已连接
2025-07-30 22:29:11,542 - server - INFO - 用户 user_nt8gpyv3s 断开连接
2025-07-30 22:29:11,551 - server - INFO - 用户 user_w5dbi1cnm 已连接
2025-07-30 22:29:11,743 - server - INFO - 用户 user_w5dbi1cnm 断开连接
2025-07-30 22:29:11,752 - server - INFO - 用户 user_irr214buf 已连接
2025-07-30 22:29:11,932 - server - INFO - 用户 user_irr214buf 断开连接
2025-07-30 22:29:11,943 - server - INFO - 用户 user_spkf65q6c 已连接
2025-07-30 22:29:12,127 - server - INFO - 用户 user_spkf65q6c 断开连接
2025-07-30 22:29:12,138 - server - INFO - 用户 user_plgh0grwp 已连接
2025-07-30 22:29:23,009 - server - INFO - 用户 user_plgh0grwp 断开连接
2025-07-30 22:29:23,016 - server - INFO - 用户 user_jrmafl0th 已连接
2025-07-30 22:29:23,784 - server - INFO - 用户 user_jrmafl0th 断开连接
2025-07-30 22:29:23,796 - server - INFO - 用户 user_yi19w1enl 已连接
2025-07-30 22:29:23,978 - server - INFO - 用户 user_yi19w1enl 断开连接
2025-07-30 22:29:23,989 - server - INFO - 用户 user_4mycfyd1h 已连接
2025-07-30 22:29:24,176 - server - INFO - 用户 user_4mycfyd1h 断开连接
2025-07-30 22:29:24,186 - server - INFO - 用户 user_b093x82h6 已连接
2025-07-30 22:29:24,367 - server - INFO - 用户 user_b093x82h6 断开连接
2025-07-30 22:29:24,378 - server - INFO - 用户 user_nlg9ro8e5 已连接
2025-07-30 22:29:24,547 - server - INFO - 用户 user_nlg9ro8e5 断开连接
2025-07-30 22:29:24,558 - server - INFO - 用户 user_74rw0xhol 已连接
2025-07-30 22:29:24,727 - server - INFO - 用户 user_74rw0xhol 断开连接
2025-07-30 22:29:24,739 - server - INFO - 用户 user_znji14amb 已连接
2025-07-30 22:29:24,892 - server - INFO - 用户 user_znji14amb 断开连接
2025-07-30 22:29:24,902 - server - INFO - 用户 user_cpt54u8ws 已连接
2025-07-30 22:29:25,075 - server - INFO - 用户 user_cpt54u8ws 断开连接
2025-07-30 22:29:25,085 - server - INFO - 用户 user_77mhun9hs 已连接
2025-07-30 22:29:25,268 - server - INFO - 用户 user_77mhun9hs 断开连接
2025-07-30 22:29:25,279 - server - INFO - 用户 user_l1c8zwmj6 已连接
2025-07-30 22:29:25,448 - server - INFO - 用户 user_l1c8zwmj6 断开连接
2025-07-30 22:29:25,458 - server - INFO - 用户 user_s08lfrep0 已连接
2025-07-30 22:29:25,642 - server - INFO - 用户 user_s08lfrep0 断开连接
2025-07-30 22:29:25,654 - server - INFO - 用户 user_t03ud75o8 已连接
2025-07-30 22:29:25,822 - server - INFO - 用户 user_t03ud75o8 断开连接
2025-07-30 22:29:25,829 - server - INFO - 用户 user_y7o93hd1h 已连接
2025-07-30 22:29:26,000 - server - INFO - 用户 user_y7o93hd1h 断开连接
2025-07-30 22:29:26,013 - server - INFO - 用户 user_1w43g1q08 已连接
2025-07-30 22:29:26,199 - server - INFO - 用户 user_1w43g1q08 断开连接
2025-07-30 22:29:26,211 - server - INFO - 用户 user_izy2s98np 已连接
2025-07-30 22:29:26,397 - server - INFO - 用户 user_izy2s98np 断开连接
2025-07-30 22:29:26,408 - server - INFO - 用户 user_f8aevwlpn 已连接
2025-07-30 22:29:26,588 - server - INFO - 用户 user_f8aevwlpn 断开连接
2025-07-30 22:29:26,598 - server - INFO - 用户 user_d114vtoz6 已连接
2025-07-30 22:29:48,487 - server - INFO - 用户 user_d114vtoz6 断开连接
